<?xml version="1.0" encoding="UTF-8"?>
<!-- Generated by org.testng.reporters.JUnitXMLReporter -->
<testsuite ignored="0" hostname="DESKTOP-HB1OS85" failures="0" tests="5" name="Surefire test" time="0.03" errors="0" timestamp="2021-09-03T15:41:48 EDT">
  <testcase classname="qaclickacademy.AppiumTest" name="AppTest1" time="0.002"/>
  <testcase classname="qaclickacademy.RESTAPITest" name="RestAPITest1" time="0.0"/>
  <testcase classname="qaclickacademy.RESTAPITest" name="RestAPITest2" time="0.0"/>
  <testcase classname="qaclickacademy.SeleniumTest" name="SeleniumTest1" time="0.0"/>
  <testcase classname="qaclickacademy.SeleniumTest" name="SeleniumTest2" time="0.0"/>
</testsuite> <!-- Surefire test -->
